# JRE version: Java(TM) SE Runtime Environment (20.0.1+9) (build 20.0.1+9-29)
# Java VM: Java HotSpot(TM) 64-Bit Server VM (20.0.1+9-29, mixed mode, sharing, tiered, compressed oops, compressed class ptrs, g1 gc, windows-amd64)
GC Precious Log:
 CardTable entry size: 512
 Card Set container configuration: InlinePtr #cards 4 size 8 Array Of Cards #cards 16 size 48 Howl #buckets 8 coarsen threshold 3686 Howl Bitmap #cards 512 size 80 coarsen threshold 460 Card regions per heap region 1 cards per card region 4096
 CPUs: 16 total, 16 available
 Memory: 16128M
 Large Page Support: Disabled
 NUMA Support: Disabled
 Compressed Oops: Enabled (Zero based)
 Heap Region Size: 2M
 Heap Min Capacity: 8M
 Heap Initial Capacity: 254M
 Heap Max Capacity: 4034M
 Pre-touch: Disabled
 Parallel Workers: 13
 Concurrent Workers: 3
 Concurrent Refinement Workers: 13
 Periodic GC: Disabled
Heap:
 garbage-first heap   total 69632K, used 37258K [0x0000000703e00000, 0x0000000800000000)
  region size 2048K, 12 young (24576K), 1 survivors (2048K)
 Metaspace       used 29523K, committed 29888K, reserved 1114112K
  class space    used 3762K, committed 3968K, reserved 1048576K
GC Heap History (10 events):
Event: 0.442 GC heap before
{Heap before GC invocations=0 (full 0):
 garbage-first heap   total 260096K, used 24576K [0x0000000703e00000, 0x0000000800000000)
  region size 2048K, 11 young (22528K), 0 survivors (0K)
 Metaspace       used 6065K, committed 6272K, reserved 1114112K
  class space    used 802K, committed 896K, reserved 1048576K
}
Event: 0.445 GC heap after
{Heap after GC invocations=1 (full 0):
 garbage-first heap   total 260096K, used 5155K [0x0000000703e00000, 0x0000000800000000)
  region size 2048K, 2 young (4096K), 2 survivors (4096K)
 Metaspace       used 6065K, committed 6272K, reserved 1114112K
  class space    used 802K, committed 896K, reserved 1048576K
}
Event: 0.860 GC heap before
{Heap before GC invocations=1 (full 0):
 garbage-first heap   total 260096K, used 37923K [0x0000000703e00000, 0x0000000800000000)
  region size 2048K, 18 young (36864K), 2 survivors (4096K)
 Metaspace       used 14978K, committed 15168K, reserved 1114112K
  class space    used 2139K, committed 2240K, reserved 1048576K
}
Event: 0.864 GC heap after
{Heap after GC invocations=2 (full 0):
 garbage-first heap   total 260096K, used 7754K [0x0000000703e00000, 0x0000000800000000)
  region size 2048K, 3 young (6144K), 3 survivors (6144K)
 Metaspace       used 14978K, committed 15168K, reserved 1114112K
  class space    used 2139K, committed 2240K, reserved 1048576K
}
Event: 6.405 GC heap before
{Heap before GC invocations=2 (full 0):
 garbage-first heap   total 260096K, used 36426K [0x0000000703e00000, 0x0000000800000000)
  region size 2048K, 18 young (36864K), 3 survivors (6144K)
 Metaspace       used 21246K, committed 21504K, reserved 1114112K
  class space    used 2874K, committed 3008K, reserved 1048576K
}
Event: 6.410 GC heap after
{Heap after GC invocations=3 (full 0):
 garbage-first heap   total 260096K, used 12228K [0x0000000703e00000, 0x0000000800000000)
  region size 2048K, 5 young (10240K), 5 survivors (10240K)
 Metaspace       used 21246K, committed 21504K, reserved 1114112K
  class space    used 2874K, committed 3008K, reserved 1048576K
}
Event: 7.731 GC heap before
{Heap before GC invocations=4 (full 0):
 garbage-first heap   total 55296K, used 55236K [0x0000000703e00000, 0x0000000800000000)
  region size 2048K, 26 young (53248K), 5 survivors (10240K)
 Metaspace       used 28997K, committed 29376K, reserved 1114112K
  class space    used 3739K, committed 3904K, reserved 1048576K
}
Event: 7.738 GC heap after
{Heap after GC invocations=5 (full 0):
 garbage-first heap   total 69632K, used 15425K [0x0000000703e00000, 0x0000000800000000)
  region size 2048K, 7 young (14336K), 7 survivors (14336K)
 Metaspace       used 28997K, committed 29376K, reserved 1114112K
  class space    used 3739K, committed 3904K, reserved 1048576K
}
Event: 9.225 GC heap before
{Heap before GC invocations=5 (full 0):
 garbage-first heap   total 69632K, used 42049K [0x0000000703e00000, 0x0000000800000000)
  region size 2048K, 20 young (40960K), 7 survivors (14336K)
 Metaspace       used 29002K, committed 29376K, reserved 1114112K
  class space    used 3739K, committed 3904K, reserved 1048576K
}
Event: 9.230 GC heap after
{Heap after GC invocations=6 (full 0):
 garbage-first heap   total 69632K, used 16778K [0x0000000703e00000, 0x0000000800000000)
  region size 2048K, 1 young (2048K), 1 survivors (2048K)
 Metaspace       used 29002K, committed 29376K, reserved 1114112K
  class space    used 3739K, committed 3904K, reserved 1048576K
}

